[2020-06-09  10:20:48 AM； SimpleConfigOperateLogic.py]：ERROR：复制logo文件失败...
[2020-06-09  10:22:23 AM； LableFrameItem7.py]：ERROR：未选择需要加载的文件...
[2020-06-22  08:11:07 PM； Write_ConfigData_ini.py]：ERROR：写configData.ini文件异常，可能指定文件夹不存在...
[2020-06-22  08:11:07 PM； Write_ConfigData_ini.py]：ERROR：写configData.ini文件失败...
[2020-06-22  08:11:07 PM； SimpleConfigOperateLogic.py]：ERROR：复制logo文件失败...
[2020-06-22  08:11:07 PM； Write_ConfigData_ini.py]：ERROR：写configData.ini文件异常，可能指定文件夹不存在...
[2020-06-22  08:11:07 PM； Write_ConfigData_ini.py]：ERROR：写configData.ini文件失败...
[2020-06-22  08:11:07 PM； SimpleConfigOperateLogic.py]：ERROR：复制logo文件失败...
[2020-06-22  08:15:22 PM； SimpleConfigOperateLogic.py]：ERROR：复制logo文件失败...
[2020-06-23  07:57:04 PM； SimpleConfigOperateLogic.py]：ERROR：复制logo文件失败...
[2020-06-23  08:01:19 PM； SimpleConfigOperateLogic.py]：ERROR：复制logo文件失败...
[2020-06-23  08:04:41 PM； SimpleConfigOperateLogic.py]：ERROR：复制logo文件失败...
[2020-06-24  11:02:46 AM； SimpleConfigOperateLogic.py]：ERROR：复制logo文件失败...
[2020-06-24  11:05:37 AM； SimpleConfigOperateLogic.py]：ERROR：复制logo文件失败...
[2020-06-24  11:37:35 AM； SimpleConfigOperateLogic.py]：ERROR：复制logo文件失败...
[2020-06-24  01:43:51 PM； SimpleConfigOperateLogic.py]：ERROR：复制logo文件失败...
[2020-06-24  01:54:47 PM； GetDataFromExcel.py]：ERROR：打开excel文件失败...
[2020-06-24  01:54:47 PM； GetDataFromExcel.py]：ERROR：打开excel文件失败...
[2020-06-24  01:54:47 PM； GetDataFromExcel.py]：ERROR：打开excel文件失败...
[2020-06-24  01:54:47 PM； GetDataFromExcel.py]：ERROR：打开excel文件失败...
[2020-07-03  06:18:54 PM； SimpleConfigOperateLogic.py]：ERROR：复制logo文件失败...
[2020-07-03  06:25:13 PM； Write_ConfigData_ini.py]：ERROR：写configData.ini文件失败...
[2020-07-03  06:28:33 PM； SimpleConfigOperateLogic.py]：ERROR：复制logo文件失败...
[2020-09-17  10:09:41 PM； SimpleConfigOperateLogic.py]：ERROR：打开PID.ini文件失败...
[2020-09-17  10:09:41 PM； LoadIniFile.py]：ERROR：打开PID.ini文件失败...
[2020-09-17  10:17:41 PM； SimpleConfigOperateLogic.py]：ERROR：打开PID.ini文件失败...
[2020-09-17  10:17:41 PM； LoadIniFile.py]：ERROR：打开PID.ini文件失败...
[2020-09-17  10:21:00 PM； SimpleConfigOperateLogic.py]：ERROR：打开PID.ini文件失败...
[2020-09-17  10:21:00 PM； LoadIniFile.py]：ERROR：打开PID.ini文件失败...
